<?xml version="1.0" encoding="UTF-8"?>
<testsuite xmlns:xsi="http://www.w3.org/2001/XMLSchema-instance" xsi:noNamespaceSchemaLocation="https://maven.apache.org/surefire/maven-surefire-plugin/xsd/surefire-test-report.xsd" name="ThreeCardLogicTest" time="0.096" tests="27" errors="0" skipped="0" failures="0">
  <properties>
[...]
</properties>
  <testcase name="testStraight" classname="ThreeCardLogicTest" time="0.044"/>
  <testcase name="testMultiplePairPlusBets" classname="ThreeCardLogicTest" time="0"/>
  <testcase name="testPPFlush" classname="ThreeCardLogicTest" time="0.001"/>
  <testcase name="testDealerQualifiesQueenHigh" classname="ThreeCardLogicTest" time="0.002"/>
  <testcase name="testInvalidHandSize" classname="ThreeCardLogicTest" time="0.005"/>
  <testcase name="testPPHighCard" classname="ThreeCardLogicTest" time="0.002"/>
  <testcase name="testTie" classname="ThreeCardLogicTest" time="0.001"/>
  <testcase name="testFlush" classname="ThreeCardLogicTest" time="0"/>
  <testcase name="testPPThreeOfKind" classname="ThreeCardLogicTest" time="0"/>
  <testcase name="testPair" classname="ThreeCardLogicTest" time="0"/>
  <testcase name="testHighCard" classname="ThreeCardLogicTest" time="0"/>
  <testcase name="testDealerWinsBetterHand" classname="ThreeCardLogicTest" time="0"/>
  <testcase name="testStraightFlush" classname="ThreeCardLogicTest" time="0.001"/>
  <testcase name="testDealerQualifiesWithPair" classname="ThreeCardLogicTest" time="0.001"/>
  <testcase name="testPlayerWinsHighCards" classname="ThreeCardLogicTest" time="0.001"/>
  <testcase name="testThreeOfKind" classname="ThreeCardLogicTest" time="0"/>
  <testcase name="testDealerQualifiesKingHigh" classname="ThreeCardLogicTest" time="0.001"/>
  <testcase name="testAceLowStraight" classname="ThreeCardLogicTest" time="0"/>
  <testcase name="testDealerDoesNotQualifyJackHigh" classname="ThreeCardLogicTest" time="0.001"/>
  <testcase name="testDealerQualifiesAceHigh" classname="ThreeCardLogicTest" time="0.001"/>
  <testcase name="testPlayerWinsBetterHand" classname="ThreeCardLogicTest" time="0"/>
  <testcase name="testPPPair" classname="ThreeCardLogicTest" time="0"/>
  <testcase name="testStraightFlushBeatsThreeOfKind" classname="ThreeCardLogicTest" time="0"/>
  <testcase name="testDealerDoesNotQualify10High" classname="ThreeCardLogicTest" time="0.001"/>
  <testcase name="testPPStraightFlush" classname="ThreeCardLogicTest" time="0.001"/>
  <testcase name="testPPStraight" classname="ThreeCardLogicTest" time="0"/>
  <testcase name="testDealerWinsHighCards" classname="ThreeCardLogicTest" time="0"/>
</testsuite>